src/components/SettingsPanel/sections/HomeworkSettingsPanel.tsx(298,55): error TS2769: No overload matches this call.
  Overload 1 of 2, '(input: string | URL | Request, init?: RequestInit | undefined): Promise<Response>', gave the following error.
    Type '{ "x-site-key": string; "x-app-token": string; Accept: string; } | { Accept: string; "x-site-key"?: undefined; "x-app-token"?: undefined; }' is not assignable to type 'HeadersInit | undefined'.
      Type '{ Accept: string; "x-site-key"?: undefined; "x-app-token"?: undefined; }' is not assignable to type 'HeadersInit | undefined'.
        Type '{ Accept: string; "x-site-key"?: undefined; "x-app-token"?: undefined; }' is not assignable to type 'Record<string, string>'.
          Property '"x-site-key"' is incompatible with index signature.
            Type 'undefined' is not assignable to type 'string'.
  Overload 2 of 2, '(input: URL | RequestInfo, init?: RequestInit | undefined): Promise<Response>', gave the following error.
    Type '{ "x-site-key": string; "x-app-token": string; Accept: string; } | { Accept: string; "x-site-key"?: undefined; "x-app-token"?: undefined; }' is not assignable to type 'HeadersInit | undefined'.
      Type '{ Accept: string; "x-site-key"?: undefined; "x-app-token"?: undefined; }' is not assignable to type 'HeadersInit | undefined'.
        Type '{ Accept: string; "x-site-key"?: undefined; "x-app-token"?: undefined; }' is not assignable to type 'Record<string, string>'.
          Property '"x-site-key"' is incompatible with index signature.
            Type 'undefined' is not assignable to type 'string'.
src/components/SettingsPanel/sections/HomeworkSettingsPanel.tsx(305,58): error TS2769: No overload matches this call.
  Overload 1 of 2, '(input: string | URL | Request, init?: RequestInit | undefined): Promise<Response>', gave the following error.
    Type '{ "x-site-key": string; "x-app-token": string; Accept: string; } | { Accept: string; "x-site-key"?: undefined; "x-app-token"?: undefined; }' is not assignable to type 'HeadersInit | undefined'.
      Type '{ Accept: string; "x-site-key"?: undefined; "x-app-token"?: undefined; }' is not assignable to type 'HeadersInit | undefined'.
        Type '{ Accept: string; "x-site-key"?: undefined; "x-app-token"?: undefined; }' is not assignable to type 'Record<string, string>'.
          Property '"x-site-key"' is incompatible with index signature.
            Type 'undefined' is not assignable to type 'string'.
  Overload 2 of 2, '(input: URL | RequestInfo, init?: RequestInit | undefined): Promise<Response>', gave the following error.
    Type '{ "x-site-key": string; "x-app-token": string; Accept: string; } | { Accept: string; "x-site-key"?: undefined; "x-app-token"?: undefined; }' is not assignable to type 'HeadersInit | undefined'.
      Type '{ Accept: string; "x-site-key"?: undefined; "x-app-token"?: undefined; }' is not assignable to type 'HeadersInit | undefined'.
        Type '{ Accept: string; "x-site-key"?: undefined; "x-app-token"?: undefined; }' is not assignable to type 'Record<string, string>'.
          Property '"x-site-key"' is incompatible with index signature.
            Type 'undefined' is not assignable to type 'string'.
src/components/SettingsPanel/sections/HomeworkSettingsPanel.tsx(329,58): error TS2769: No overload matches this call.
  Overload 1 of 2, '(input: string | URL | Request, init?: RequestInit | undefined): Promise<Response>', gave the following error.
    Type '{ "x-site-key": string; "x-app-token": string; Accept: string; } | { Accept: string; "x-site-key"?: undefined; "x-app-token"?: undefined; }' is not assignable to type 'HeadersInit | undefined'.
      Type '{ Accept: string; "x-site-key"?: undefined; "x-app-token"?: undefined; }' is not assignable to type 'HeadersInit | undefined'.
        Type '{ Accept: string; "x-site-key"?: undefined; "x-app-token"?: undefined; }' is not assignable to type 'Record<string, string>'.
          Property '"x-site-key"' is incompatible with index signature.
            Type 'undefined' is not assignable to type 'string'.
  Overload 2 of 2, '(input: URL | RequestInfo, init?: RequestInit | undefined): Promise<Response>', gave the following error.
    Type '{ "x-site-key": string; "x-app-token": string; Accept: string; } | { Accept: string; "x-site-key"?: undefined; "x-app-token"?: undefined; }' is not assignable to type 'HeadersInit | undefined'.
      Type '{ Accept: string; "x-site-key"?: undefined; "x-app-token"?: undefined; }' is not assignable to type 'HeadersInit | undefined'.
        Type '{ Accept: string; "x-site-key"?: undefined; "x-app-token"?: undefined; }' is not assignable to type 'Record<string, string>'.
          Property '"x-site-key"' is incompatible with index signature.
            Type 'undefined' is not assignable to type 'string'.
src/contexts/__tests__/AppContext.test.ts(67,7): error TS2353: Object literal may only specify known properties, and 'isHomeworkOpen' does not exist in type 'AppState'.
src/pages/ClockPage/ClockPage.tsx(19,39): error TS2307: Cannot find module '../../hooks/useStudyBackgroundSettings' or its corresponding type declarations.
src/pages/ClockPage/ClockPage.tsx(22,27): error TS2307: Cannot find module '../../utils/colorUtils' or its corresponding type declarations.
